<?xml version="1.0" encoding="UTF-8"?>
<!-- Generated by org.testng.reporters.JUnitXMLReporter -->
<testsuite ignored="0" hostname="DESKTOP-PVHCA12" failures="0" tests="2" name="Error Validations Test" time="12.477" errors="0" timestamp="2026-03-02T11:54:12 IST">
  <testcase classname="yuvanu1.tests.ErrorValidationsTest" name="ProdcutErrorValidation" time="4.215"/>
  <testcase classname="yuvanu1.tests.ErrorValidationsTest" name="userLogin" time="0.87"/>
</testsuite> <!-- Error Validations Test -->
