<?xml version="1.0" encoding="UTF-8"?>
<!-- Generated by org.testng.reporters.JUnitReportReporter -->
<testsuite hostname="DESKTOP-PVHCA12" failures="0" tests="2" name="yuvanu1.tests.ErrorValidationsTest" time="18.072" errors="0" timestamp="2026-03-01T16:39:54 IST" skipped="0">
  <testcase classname="yuvanu1.tests.ErrorValidationsTest" name="ProdcutErrorValidation" time="15.198"/>
  <testcase classname="yuvanu1.tests.ErrorValidationsTest" name="userLogin" time="2.874"/>
</testsuite> <!-- yuvanu1.tests.ErrorValidationsTest -->
