<?xml version="1.0" encoding="UTF-8"?>
<!-- Generated by org.testng.reporters.JUnitReportReporter -->
<testsuite hostname="DESKTOP-PVHCA12" failures="0" tests="2" name="yuvanu1.tests.ErrorValidationsTest" time="12.398" errors="0" timestamp="2026-03-02T11:54:19 IST" skipped="0">
  <testcase classname="yuvanu1.tests.ErrorValidationsTest" name="userLogin" time="6.469"/>
  <testcase classname="yuvanu1.tests.ErrorValidationsTest" name="ProdcutErrorValidation" time="5.929"/>
</testsuite> <!-- yuvanu1.tests.ErrorValidationsTest -->
